0 info it worked if it ends with ok
1 verbose cli [ 'node', '/usr/local/bin/npm', 'publish' ]
2 info using npm@2.1.11
3 info using node@v0.10.33
4 verbose node symlink /usr/local/bin/node
5 verbose publish [ '.' ]
6 silly cache add args [ '.', null ]
7 verbose cache add spec .
8 silly cache add parsed spec { raw: '.',
8 silly cache add   scope: null,
8 silly cache add   name: null,
8 silly cache add   rawSpec: '.',
8 silly cache add   spec: '/Users/jmcnally/projects/ember-cli-standalone',
8 silly cache add   type: 'directory' }
9 verbose tar pack [ '/Users/jmcnally/.npm/ember-cli-standalone/0.0.2/package.tgz',
9 verbose tar pack   '/Users/jmcnally/projects/ember-cli-standalone' ]
10 verbose tarball /Users/jmcnally/.npm/ember-cli-standalone/0.0.2/package.tgz
11 verbose folder /Users/jmcnally/projects/ember-cli-standalone
12 info prepublish ember-cli-standalone@0.0.2
13 verbose addLocalTarball adding from inside cache /Users/jmcnally/.npm/ember-cli-standalone/0.0.2/package.tgz
14 silly cache afterAdd ember-cli-standalone@0.0.2
15 verbose afterAdd /Users/jmcnally/.npm/ember-cli-standalone/0.0.2/package/package.json not in flight; writing
16 verbose afterAdd /Users/jmcnally/.npm/ember-cli-standalone/0.0.2/package/package.json written
17 silly publish { name: 'ember-cli-standalone',
17 silly publish   version: '0.0.2',
17 silly publish   private: false,
17 silly publish   'ember-addon': { main: 'lib/standalone.js' },
17 silly publish   keywords: [ 'ember-addon' ],
17 silly publish   repository:
17 silly publish    { type: 'git',
17 silly publish      url: 'git://github.com/j-mcnally/ember-cli-standalone.git' },
17 silly publish   author: { name: 'Justin McNally' },
17 silly publish   license: 'MIT',
17 silly publish   dependencies:
17 silly publish    { 'ember-cli': '1.0.4',
17 silly publish      'broccoli-merge-trees': '^0.1.4',
17 silly publish      'broccoli-static-compiler': '^0.1.4',
17 silly publish      'broccoli-replace': '^0.1.7' },
17 silly publish   readme: 'ERROR: No README data found!',
17 silly publish   readmeFilename: 'Readme.md',
17 silly publish   gitHead: 'adb1e72cae5fc41f279cfd276931d636e05cedc2',
17 silly publish   bugs: { url: 'https://github.com/j-mcnally/ember-cli-standalone/issues' },
17 silly publish   homepage: 'https://github.com/j-mcnally/ember-cli-standalone',
17 silly publish   _id: 'ember-cli-standalone@0.0.2',
17 silly publish   scripts: {},
17 silly publish   _shasum: 'c29b6de9687313729ed80276e9011012f6d80d2f',
17 silly publish   _from: '.' }
18 silly mapToRegistry name ember-cli-standalone
19 silly mapToRegistry using default registry
20 silly mapToRegistry registry https://registry.npmjs.org/
21 silly mapToRegistry uri https://registry.npmjs.org/ember-cli-standalone
22 verbose publish registryBase https://registry.npmjs.org/
23 silly publish uploading /Users/jmcnally/.npm/ember-cli-standalone/0.0.2/package.tgz
24 verbose request uri https://registry.npmjs.org/ember-cli-standalone
25 verbose request sending authorization for write operation
26 info attempt registry request try #1 at 23:40:12
27 verbose request id 9dda3b76d55823de
28 http request PUT https://registry.npmjs.org/ember-cli-standalone
29 http 401 https://registry.npmjs.org/ember-cli-standalone
30 verbose headers { date: 'Wed, 24 Dec 2014 05:40:12 GMT',
30 verbose headers   server: 'CouchDB/1.5.0 (Erlang OTP/R16B03)',
30 verbose headers   'content-type': 'application/json',
30 verbose headers   'cache-control': 'max-age=60',
30 verbose headers   'content-length': '67',
30 verbose headers   'accept-ranges': 'bytes',
30 verbose headers   via: '1.1 varnish',
30 verbose headers   'x-served-by': 'cache-ord1727-ORD',
30 verbose headers   'x-cache': 'MISS',
30 verbose headers   'x-cache-hits': '0',
30 verbose headers   'x-timer': 'S1419399612.116066,VS0,VE230',
30 verbose headers   'keep-alive': 'timeout=10, max=50',
30 verbose headers   connection: 'Keep-Alive' }
31 verbose request invalidating /Users/jmcnally/.npm/registry.npmjs.org/ember-cli-standalone on PUT
32 error publish Failed PUT 401
33 verbose stack Error: unauthorized Name or password is incorrect.: ember-cli-standalone
33 verbose stack     at CachingRegistryClient.<anonymous> (/usr/local/lib/node_modules/npm/node_modules/npm-registry-client/lib/request.js:242:14)
33 verbose stack     at Request._callback (/usr/local/lib/node_modules/npm/node_modules/npm-registry-client/lib/request.js:172:14)
33 verbose stack     at Request.self.callback (/usr/local/lib/node_modules/npm/node_modules/request/request.js:372:22)
33 verbose stack     at Request.emit (events.js:98:17)
33 verbose stack     at Request.<anonymous> (/usr/local/lib/node_modules/npm/node_modules/request/request.js:1317:14)
33 verbose stack     at Request.emit (events.js:117:20)
33 verbose stack     at IncomingMessage.<anonymous> (/usr/local/lib/node_modules/npm/node_modules/request/request.js:1265:12)
33 verbose stack     at IncomingMessage.emit (events.js:117:20)
33 verbose stack     at _stream_readable.js:943:16
33 verbose stack     at process._tickCallback (node.js:419:13)
34 verbose statusCode 401
35 verbose pkgid ember-cli-standalone
36 verbose cwd /Users/jmcnally/projects/ember-cli-standalone
37 error Darwin 14.0.0
38 error argv "node" "/usr/local/bin/npm" "publish"
39 error node v0.10.33
40 error npm  v2.1.11
41 error code E401
42 error unauthorized Name or password is incorrect.: ember-cli-standalone
43 error If you need help, you may report this error at:
43 error     <http://github.com/npm/npm/issues>
44 verbose exit [ 1, true ]
